<?xml version="1.0" encoding="UTF-8"?>
<testng-results ignored="0" total="2" passed="1" failed="1" skipped="0">
  <reporter-output>
  </reporter-output>
  <suite started-at="2025-06-23T12:49:30 CEST" name="Surefire suite" finished-at="2025-06-23T12:49:43 CEST" duration-ms="12732">
    <groups>
      <group name="cucumber">
        <method signature="AbstractTestNGCucumberTests.runScenario(io.cucumber.testng.PickleWrapper,io.cucumber.testng.FeatureWrapper)[pri:0, instance:testRunerTest.MyRunnerTest@1e802ef9]" name="runScenario" class="io.cucumber.testng.AbstractTestNGCucumberTests"/>
      </group> <!-- cucumber -->
    </groups>
    <test started-at="2025-06-23T12:49:30 CEST" name="Surefire test" finished-at="2025-06-23T12:49:43 CEST" duration-ms="12732">
      <class name="testRunerTest.MyRunnerTest">
        <test-method is-config="true" signature="setUpClass(org.testng.ITestContext)[pri:0, instance:testRunerTest.MyRunnerTest@1e802ef9]" started-at="2025-06-23T12:49:30 CEST" name="setUpClass" finished-at="2025-06-23T12:49:31 CEST" duration-ms="723" status="PASS">
          <params>
            <param index="0">
              <value>
                <![CDATA[org.testng.TestRunner@293cde83]]>
              </value>
            </param>
          </params>
          <reporter-output>
          </reporter-output>
        </test-method> <!-- setUpClass -->
        <test-method signature="runScenario(io.cucumber.testng.PickleWrapper,io.cucumber.testng.FeatureWrapper)[pri:0, instance:testRunerTest.MyRunnerTest@1e802ef9]" started-at="2025-06-23T12:49:31 CEST" name="runScenario" description="Runs Cucumber Scenarios" data-provider="scenarios" finished-at="2025-06-23T12:49:41 CEST" duration-ms="10258" status="PASS">
          <params>
            <param index="0">
              <value>
                <![CDATA["Search experience for product in both home and Topdeals page"]]>
              </value>
            </param>
            <param index="1">
              <value>
                <![CDATA["Search and place order for product"]]>
              </value>
            </param>
          </params>
          <reporter-output>
          </reporter-output>
        </test-method> <!-- runScenario -->
        <test-method signature="runScenario(io.cucumber.testng.PickleWrapper,io.cucumber.testng.FeatureWrapper)[pri:0, instance:testRunerTest.MyRunnerTest@1e802ef9]" started-at="2025-06-23T12:49:31 CEST" name="runScenario" description="Runs Cucumber Scenarios" data-provider="scenarios" finished-at="2025-06-23T12:49:43 CEST" duration-ms="11311" status="FAIL">
          <params>
            <param index="0">
              <value>
                <![CDATA["Search experience for product in both home and Topdeals page"]]>
              </value>
            </param>
            <param index="1">
              <value>
                <![CDATA["Search and place order for product"]]>
              </value>
            </param>
          </params>
          <exception class="java.lang.AssertionError">
            <message>
              <![CDATA[May have a bug expected [No data] but found [Beetroot]]]>
            </message>
            <full-stacktrace>
              <![CDATA[java.lang.AssertionError: May have a bug expected [No data] but found [Beetroot]
at org.testng.Assert.fail(Assert.java:111)
at org.testng.Assert.failNotEquals(Assert.java:1590)
at org.testng.Assert.assertEqualsImpl(Assert.java:150)
at org.testng.Assert.assertEquals(Assert.java:132)
at org.testng.Assert.assertEquals(Assert.java:656)
at stepDefFiles.OfferPageStepDef.check_if_product_exist(OfferPageStepDef.java:31)
at âœ½.Check if product exist(file:///C:/Users/yadhu/eclipse-workspace/Cucumber_RSA/src/test/resources/FeatureFiles/searchProduct.feature:10)
]]>
            </full-stacktrace>
          </exception> <!-- java.lang.AssertionError -->
          <reporter-output>
          </reporter-output>
        </test-method> <!-- runScenario -->
        <test-method is-config="true" signature="tearDownClass()[pri:0, instance:testRunerTest.MyRunnerTest@1e802ef9]" started-at="2025-06-23T12:49:43 CEST" name="tearDownClass" finished-at="2025-06-23T12:49:43 CEST" duration-ms="640" status="PASS">
          <reporter-output>
          </reporter-output>
        </test-method> <!-- tearDownClass -->
      </class> <!-- testRunerTest.MyRunnerTest -->
    </test> <!-- Surefire test -->
  </suite> <!-- Surefire suite -->
</testng-results>
