<?xml version="1.0" encoding="UTF-8"?>
<testng-results ignored="0" total="3" passed="2" failed="1" skipped="0">
  <reporter-output>
  </reporter-output>
  <suite started-at="2025-06-22T16:55:44 CEST" name="Default suite" finished-at="2025-06-22T16:55:58 CEST" duration-ms="14121">
    <groups>
      <group name="cucumber">
        <method signature="AbstractTestNGCucumberTests.runScenario(io.cucumber.testng.PickleWrapper,io.cucumber.testng.FeatureWrapper)[pri:0, instance:testRunerTest.MyRunnerTest@4c39bec8]" name="runScenario" class="io.cucumber.testng.AbstractTestNGCucumberTests"/>
      </group> <!-- cucumber -->
    </groups>
    <test started-at="2025-06-22T16:55:44 CEST" name="Default test" finished-at="2025-06-22T16:55:58 CEST" duration-ms="14121">
      <class name="testRunerTest.MyRunnerTest">
        <test-method is-config="true" signature="setUpClass(org.testng.ITestContext)[pri:0, instance:testRunerTest.MyRunnerTest@4c39bec8]" started-at="2025-06-22T16:55:44 CEST" name="setUpClass" finished-at="2025-06-22T16:55:44 CEST" duration-ms="650" status="PASS">
          <params>
            <param index="0">
              <value>
                <![CDATA[org.testng.TestRunner@41b0ae4c]]>
              </value>
            </param>
          </params>
          <reporter-output>
          </reporter-output>
        </test-method> <!-- setUpClass -->
        <test-method signature="runScenario(io.cucumber.testng.PickleWrapper,io.cucumber.testng.FeatureWrapper)[pri:0, instance:testRunerTest.MyRunnerTest@4c39bec8]" started-at="2025-06-22T16:55:44 CEST" name="runScenario" description="Runs Cucumber Scenarios" data-provider="scenarios" finished-at="2025-06-22T16:55:54 CEST" duration-ms="10109" status="PASS">
          <params>
            <param index="0">
              <value>
                <![CDATA["Search experience for product in both home and Topdeals page"]]>
              </value>
            </param>
            <param index="1">
              <value>
                <![CDATA["Search and place order for product"]]>
              </value>
            </param>
          </params>
          <reporter-output>
          </reporter-output>
        </test-method> <!-- runScenario -->
        <test-method signature="runScenario(io.cucumber.testng.PickleWrapper,io.cucumber.testng.FeatureWrapper)[pri:0, instance:testRunerTest.MyRunnerTest@4c39bec8]" started-at="2025-06-22T16:55:44 CEST" name="runScenario" description="Runs Cucumber Scenarios" data-provider="scenarios" finished-at="2025-06-22T16:55:57 CEST" duration-ms="12747" status="PASS">
          <params>
            <param index="0">
              <value>
                <![CDATA["Search for product in home page and check the cart"]]>
              </value>
            </param>
            <param index="1">
              <value>
                <![CDATA["Make order for product and check out the cart"]]>
              </value>
            </param>
          </params>
          <reporter-output>
          </reporter-output>
        </test-method> <!-- runScenario -->
        <test-method signature="runScenario(io.cucumber.testng.PickleWrapper,io.cucumber.testng.FeatureWrapper)[pri:0, instance:testRunerTest.MyRunnerTest@4c39bec8]" started-at="2025-06-22T16:55:44 CEST" name="runScenario" description="Runs Cucumber Scenarios" data-provider="scenarios" finished-at="2025-06-22T16:55:55 CEST" duration-ms="10732" status="FAIL">
          <params>
            <param index="0">
              <value>
                <![CDATA["Search experience for product in both home and Topdeals page"]]>
              </value>
            </param>
            <param index="1">
              <value>
                <![CDATA["Search and place order for product"]]>
              </value>
            </param>
          </params>
          <exception class="java.lang.AssertionError">
            <message>
              <![CDATA[May have a bug expected [No data] but found [Beetroot]]]>
            </message>
            <full-stacktrace>
              <![CDATA[java.lang.AssertionError: May have a bug expected [No data] but found [Beetroot]
at org.testng.Assert.fail(Assert.java:111)
at org.testng.Assert.failNotEquals(Assert.java:1590)
at org.testng.Assert.assertEqualsImpl(Assert.java:150)
at org.testng.Assert.assertEquals(Assert.java:132)
at org.testng.Assert.assertEquals(Assert.java:656)
at stepDefFiles.OfferPageStepDef.check_if_product_exist(OfferPageStepDef.java:31)
at âœ½.Check if product exist(file:///C:/Users/yadhu/eclipse-workspace/Cucumber_RSA/src/test/resources/FeatureFiles/searchProduct.feature:10)
]]>
            </full-stacktrace>
          </exception> <!-- java.lang.AssertionError -->
          <reporter-output>
          </reporter-output>
        </test-method> <!-- runScenario -->
        <test-method is-config="true" signature="tearDownClass()[pri:0, instance:testRunerTest.MyRunnerTest@4c39bec8]" started-at="2025-06-22T16:55:57 CEST" name="tearDownClass" finished-at="2025-06-22T16:55:58 CEST" duration-ms="687" status="PASS">
          <reporter-output>
          </reporter-output>
        </test-method> <!-- tearDownClass -->
      </class> <!-- testRunerTest.MyRunnerTest -->
    </test> <!-- Default test -->
  </suite> <!-- Default suite -->
</testng-results>
